Arguments: 
  C:\Program Files\nodejs\node.exe C:\Users\AmalK\AppData\Local\node\corepack\yarn\1.22.19\bin\yarn.js install

PATH: 
  C:\Windows\system32;C:\Windows;C:\Windows\System32\Wbem;C:\Windows\System32\WindowsPowerShell\v1.0\;C:\Windows\System32\OpenSSH\;C:\ProgramData\chocolatey\bin;C:\Program Files\nodejs\;C:\Program Files\Git\cmd;C:\Program Files\mingw64\bin;C:\Program Files\Git\bin;C:\Program Files\MongoDB\mongosh-2.1.0-win32-x64\bin;C:\Users\AmalK\AppData\Local\Microsoft\WindowsApps;C:\Users\AmalK\AppData\Local\Programs\Microsoft VS Code\bin;C:\Users\AmalK\AppData\Roaming\npm;

Yarn version: 
  1.22.19

Node version: 
  18.15.0

Platform: 
  win32 x64

Trace: 
  Error: EPERM: operation not permitted, unlink 'C:\Users\AmalK\Documents\Assignment SDA\Full Stack Project SDA\SDA-online-mern-backend-project\node_modules\bcrypt\lib\binding\napi-v3\bcrypt_lib.node'

npm manifest: 
  {
    "name": "express-demo",
    "version": "1.0.0",
    "main": "index.js",
    "license": "MIT",
    "scripts": {
      "ts-watch": "tsc -w",
      "start": "nodemon --watch \"src/**/*.ts\" --exec \"ts-node\" src/server.ts",
       "build": "tsc",
      "vercel-build": "npm run build" 
    },
    "dependencies": {
      "@types/cors": "^2.8.17",
      "@types/jsonwebtoken": "^9.0.5",
      "@types/morgan": "^1.9.9",
      "@types/multer": "^1.4.11",
      "@types/nodemailer": "^6.4.14",
      "bcrypt": "^5.1.1",
      "body-parser": "^1.20.2",
      "cloudinary": "^1.41.1",
      "cookie-parser": "^1.4.6",
      "cors": "^2.8.5",
      "express": "^4.18.2",
      "express-rate-limit": "^7.1.5",
      "express-validator": "^7.0.1",
      "jsonwebtoken": "^9.0.2",
      "mongoose": "^6.12.3",
      "morgan": "^1.10.0",
      "multer": "^1.4.5-lts.1",
      "nodemailer": "^6.9.7",
      "slugify": "^1.6.6"
    },
    "devDependencies": {
      "@types/bcrypt": "^5.0.2",
      "@types/cookie-parser": "^1.4.6",
      "@types/dotenv": "^8.2.0",
      "@types/express": "^4.17.21",
      "@types/node": "^17.0.34",
      "dotenv": "^16.3.1",
      "http-errors": "^2.0.0",
      "mongoose": "^8.0.1",
      "nodemon": "^3.0.1",
      "ts-node": "^10.9.1",
      "typescript": "^5.3.2"
    },
    "types": "./index.d.ts",
    "description": "This repository contains a Node.js/Express.js application with RESTful API endpoints for a library or e-commerce application. The API allows you to interact with items in the library or products in the store.",
    "keywords": [],
    "author": ""
  }

yarn manifest: 
  No manifest

Lockfile: 
  No lockfile
